[INFO] Scanning for projects...
[INFO] 
[INFO] ------------------< com.parking:smart-parking-system >------------------
[INFO] Building smart-parking-system 0.0.1-SNAPSHOT
[INFO]   from pom.xml
[INFO] --------------------------------[ jar ]---------------------------------
[INFO] 
[INFO] --- clean:3.4.1:clean (default-clean) @ smart-parking-system ---
[INFO] Deleting C:\Users\kriti\OneDrive\Desktop\smart-parking-system\smart-parking-system\target
[INFO] ------------------------------------------------------------------------
[INFO] BUILD FAILURE
[INFO] ------------------------------------------------------------------------
[INFO] Total time:  2.234 s
[INFO] Finished at: 2026-02-28T21:55:06+05:30
[INFO] ------------------------------------------------------------------------
[ERROR] Failed to execute goal org.apache.maven.plugins:maven-clean-plugin:3.4.1:clean (default-clean) on project smart-parking-system: Failed to clean project: Failed to delete C:\Users\kriti\OneDrive\Desktop\smart-parking-system\smart-parking-system\target\classes\com\parking\smart_parking_system\controller -> [Help 1]
[ERROR] 
[ERROR] To see the full stack trace of the errors, re-run Maven with the -e switch.
[ERROR] Re-run Maven using the -X switch to enable full debug logging.
[ERROR] 
[ERROR] For more information about the errors and possible solutions, please read the following articles:
[ERROR] [Help 1] http://cwiki.apache.org/confluence/display/MAVEN/MojoExecutionException
